<?xml version="1.0" encoding="UTF-8"?>
<testsuites name="20240408_194708" timestamp="2024-04-08T19:47:09" time="156.364" tests="112" errors="1">
  <testsuite id="1" name="TN5250" package="TN5250" hostname="ALIPL3204" timestamp="2024-04-08T19:47:10" time="153.711" tests="112" errors="1">
    <properties>
      <property name="Run From" value="ALIPL3204" />
      <property name="Run OS" value="amd64 Windows 11 10.0" />
      <property name="Run User" value="AL5171" />
      <property name="Iteration" value="1 of 1" />
      <property name="Script" value="TN5250.xlsx" />
      <property name="Logs" value="F:\Projects\tn5250j\TN5250\output\20240408_194708\logs\nexial-20240408_194708.log" />
      <property name="pub400.inspection.log" value="F:\Projects\tn5250j\TN5250\output\20240408_194708\logs\pub400.inspection.log" />
      <property name="Data File" value="TN5250.data.xlsx" />
      <property name="DataSheet(s)" value="#default" />
      <property name="runtime args" value="-script F:\Projects\tn5250j\TN5250\artifact\script\TN5250.xlsx" />
    </properties>
    <testcase id="startRecording" name="startRecording" classname="init" timestamp="2024-04-08T19:47:13" time="151.482">
      <system-out>Total : 1
Passed: 1
Failed: 0
Output: F:\Projects\tn5250j\TN5250\output\20240408_194708\TN5250.20240408_194710.001.xlsx
Logs  : F:\Projects\tn5250j\TN5250\output\20240408_194708\logs\nexial-20240408_194708.log</system-out>
    </testcase>
    <testcase id="openProfile" name="openProfile" classname="connectAndLogin" timestamp="2024-04-08T19:47:14" time="149.988">
      <system-out>Total : 5
Passed: 5
Failed: 0
Output: F:\Projects\tn5250j\TN5250\output\20240408_194708\TN5250.20240408_194710.001.xlsx
Logs  : F:\Projects\tn5250j\TN5250\output\20240408_194708\logs\nexial-20240408_194708.log</system-out>
    </testcase>
    <testcase id="login" name="login" classname="connectAndLogin" timestamp="2024-04-08T19:47:24" time="140.497">
      <system-out>Total : 5
Passed: 5
Failed: 0
Output: F:\Projects\tn5250j\TN5250\output\20240408_194708\TN5250.20240408_194710.001.xlsx
Logs  : F:\Projects\tn5250j\TN5250\output\20240408_194708\logs\nexial-20240408_194708.log</system-out>
    </testcase>
    <testcase id="mainScreen" name="mainScreen" classname="CRUD" timestamp="2024-04-08T19:47:27" time="137.162">
      <failure type="failure found in test activity" message="1 of 10 FAILED. Check F:\Projects\tn5250j\TN5250\output\20240408_194708\TN5250.20240408_194710.001.xlsx for execution result, F:\Projects\tn5250j\TN5250\output\20240408_194708\logs\nexial-20240408_194708.log for execution logs" />
      <system-out>Total : 10
Passed: 9
Failed: 1
Output: F:\Projects\tn5250j\TN5250\output\20240408_194708\TN5250.20240408_194710.001.xlsx
Logs  : F:\Projects\tn5250j\TN5250\output\20240408_194708\logs\nexial-20240408_194708.log</system-out>
    </testcase>
    <testcase id="listOfStudents" name="listOfStudents" classname="CRUD" timestamp="2024-04-08T19:47:46" time="117.846">
      <system-out>Total : 6
Passed: 6
Failed: 0
Output: F:\Projects\tn5250j\TN5250\output\20240408_194708\TN5250.20240408_194710.001.xlsx
Logs  : F:\Projects\tn5250j\TN5250\output\20240408_194708\logs\nexial-20240408_194708.log</system-out>
    </testcase>
    <testcase id="switchToBrowser" name="switchToBrowser" classname="CRUD" timestamp="2024-04-08T19:48:00" time="104.090">
      <system-out>Total : 8
Passed: 8
Failed: 0
Output: F:\Projects\tn5250j\TN5250\output\20240408_194708\TN5250.20240408_194710.001.xlsx
Logs  : F:\Projects\tn5250j\TN5250\output\20240408_194708\logs\nexial-20240408_194708.log</system-out>
    </testcase>
    <testcase id="addStudent" name="addStudent" classname="CRUD" timestamp="2024-04-08T19:48:14" time="89.792">
      <system-out>Total : 11
Passed: 11
Failed: 0
Output: F:\Projects\tn5250j\TN5250\output\20240408_194708\TN5250.20240408_194710.001.xlsx
Logs  : F:\Projects\tn5250j\TN5250\output\20240408_194708\logs\nexial-20240408_194708.log</system-out>
    </testcase>
    <testcase id="updateStudentRecord" name="updateStudentRecord" classname="CRUD" timestamp="2024-04-08T19:48:33" time="71.358">
      <system-out>Total : 7
Passed: 7
Failed: 0
Output: F:\Projects\tn5250j\TN5250\output\20240408_194708\TN5250.20240408_194710.001.xlsx
Logs  : F:\Projects\tn5250j\TN5250\output\20240408_194708\logs\nexial-20240408_194708.log</system-out>
    </testcase>
    <testcase id="deleteRecord" name="deleteRecord" classname="CRUD" timestamp="2024-04-08T19:48:47" time="56.907">
      <system-out>Total : 10
Passed: 10
Failed: 0
Output: F:\Projects\tn5250j\TN5250\output\20240408_194708\TN5250.20240408_194710.001.xlsx
Logs  : F:\Projects\tn5250j\TN5250\output\20240408_194708\logs\nexial-20240408_194708.log</system-out>
    </testcase>
    <testcase id="navigateMenuScreen" name="navigateMenuScreen" classname="NavigateMenuScreens" timestamp="2024-04-08T19:49:01" time="43.617">
      <system-out>Total : 10
Passed: 10
Failed: 0
Output: F:\Projects\tn5250j\TN5250\output\20240408_194708\TN5250.20240408_194710.001.xlsx
Logs  : F:\Projects\tn5250j\TN5250\output\20240408_194708\logs\nexial-20240408_194708.log</system-out>
    </testcase>
    <testcase id="saveDataAsCsv" name="saveDataAsCsv" classname="NavigateMenuScreens" timestamp="2024-04-08T19:49:13" time="31.251">
      <system-out>Total : 6
Passed: 6
Failed: 0
Output: F:\Projects\tn5250j\TN5250\output\20240408_194708\TN5250.20240408_194710.001.xlsx
Logs  : F:\Projects\tn5250j\TN5250\output\20240408_194708\logs\nexial-20240408_194708.log</system-out>
    </testcase>
    <testcase id="addStudent" name="addStudent" classname="NavigateMenuScreens" timestamp="2024-04-08T19:49:17" time="27.363">
      <system-out>Total : 12
Passed: 12
Failed: 0
Output: F:\Projects\tn5250j\TN5250\output\20240408_194708\TN5250.20240408_194710.001.xlsx
Logs  : F:\Projects\tn5250j\TN5250\output\20240408_194708\logs\nexial-20240408_194708.log</system-out>
    </testcase>
    <testcase id="updateStudent" name="updateStudent" classname="NavigateMenuScreens" timestamp="2024-04-08T19:49:26" time="18.246">
      <system-out>Total : 12
Passed: 12
Failed: 0
Output: F:\Projects\tn5250j\TN5250\output\20240408_194708\TN5250.20240408_194710.001.xlsx
Logs  : F:\Projects\tn5250j\TN5250\output\20240408_194708\logs\nexial-20240408_194708.log</system-out>
    </testcase>
    <testcase id="deleteStudent" name="deleteStudent" classname="NavigateMenuScreens" timestamp="2024-04-08T19:49:35" time="9.135">
      <system-out>Total : 7
Passed: 7
Failed: 0
Output: F:\Projects\tn5250j\TN5250\output\20240408_194708\TN5250.20240408_194710.001.xlsx
Logs  : F:\Projects\tn5250j\TN5250\output\20240408_194708\logs\nexial-20240408_194708.log</system-out>
    </testcase>
    <testcase id="CloseProfile" name="CloseProfile" classname="teardown" timestamp="2024-04-08T19:49:41" time="2.955">
      <system-out>Total : 1
Passed: 1
Failed: 0
Output: F:\Projects\tn5250j\TN5250\output\20240408_194708\TN5250.20240408_194710.001.xlsx
Logs  : F:\Projects\tn5250j\TN5250\output\20240408_194708\logs\nexial-20240408_194708.log</system-out>
    </testcase>
    <testcase id="StopRecording" name="StopRecording" classname="teardown" timestamp="2024-04-08T19:49:42" time="2.156">
      <system-out>Total : 1
Passed: 1
Failed: 0
Output: F:\Projects\tn5250j\TN5250\output\20240408_194708\TN5250.20240408_194710.001.xlsx
Logs  : F:\Projects\tn5250j\TN5250\output\20240408_194708\logs\nexial-20240408_194708.log</system-out>
    </testcase>
  </testsuite>
</testsuites>
